<?xml version="1.0" encoding="UTF-8"?>
<!-- Generated by org.testng.reporters.JUnitReportReporter -->
<testsuite hostname="DESKTOP-G89LPAG" failures="0" tests="2" name="confilq.lime.Program1" time="0.022" errors="0" timestamp="2022-10-23T22:03:16 IST" skipped="0">
  <testcase classname="confilq.lime.Program1" name="forignsite" time="0.005"/>
  <system-out/>
  <testcase classname="confilq.lime.Program1" name="AdmissionBrokenlinks" time="0.017"/>
  <system-out/>
</testsuite> <!-- confilq.lime.Program1 -->
