<?xml version="1.0" encoding="UTF-8"?>
<!-- Generated by org.testng.reporters.JUnitReportReporter -->
<testsuite hostname="DESKTOP-G89LPAG" failures="0" tests="2" name="confilq.lime.Program6" time="0.000" errors="0" timestamp="2022-11-04T01:03:39 IST" skipped="2">
  <testcase classname="confilq.lime.Program6" name="logo" time="0.000">
    <skipped/>
  </testcase> <!-- logo -->
  <system-out/>
  <testcase classname="confilq.lime.Program6" name="logo" time="0.000">
    <skipped/>
  </testcase> <!-- logo -->
  <system-out/>
</testsuite> <!-- confilq.lime.Program6 -->
