<?xml version="1.0" encoding="UTF-8"?>
<!-- Generated by org.testng.reporters.JUnitReportReporter -->
<testsuite hostname="DESKTOP-G89LPAG" failures="0" tests="1" name="confilq.lime.Program3" time="0.003" errors="0" timestamp="2022-10-20T11:49:23 IST" skipped="0">
  <testcase classname="confilq.lime.Program3" name="Faculitybrokenlinks" time="0.003"/>
  <system-out/>
</testsuite> <!-- confilq.lime.Program3 -->
